{
  "uid" : "92c82b7a034e3ac5",
  "name" : "testGenerateXls",
  "fullName" : "yo.dbunitcli.application.GenerateTest.testGenerateXls",
  "historyId" : "eab853a297ed556ea5b3d93659b85179",
  "time" : {
    "start" : 1664690701630,
    "stop" : 1664690701643,
    "duration" : 13
  },
  "status" : "failed",
  "statusMessage" : "option parse failed.",
  "statusTrace" : "java.lang.AssertionError: option parse failed.\n\tat yo.dbunitcli.application.Command.parseOption(Command.java:25)\n\tat yo.dbunitcli.application.Command.exec(Command.java:8)\n\tat yo.dbunitcli.application.Generate.main(Generate.java:15)\n\tat yo.dbunitcli.application.GenerateTest.testGenerateXls(GenerateTest.java:57)\n\tat sun.reflect.NativeMethodAccessorImpl.invoke0(Native Method)\n\tat sun.reflect.NativeMethodAccessorImpl.invoke(NativeMethodAccessorImpl.java:62)\n\tat sun.reflect.DelegatingMethodAccessorImpl.invoke(DelegatingMethodAccessorImpl.java:43)\n\tat java.lang.reflect.Method.invoke(Method.java:498)\n\tat org.junit.runners.model.FrameworkMethod$1.runReflectiveCall(FrameworkMethod.java:59)\n\tat org.junit.internal.runners.model.ReflectiveCallable.run(ReflectiveCallable.java:12)\n\tat org.junit.runners.model.FrameworkMethod.invokeExplosively(FrameworkMethod.java:56)\n\tat org.junit.internal.runners.statements.InvokeMethod.evaluate(InvokeMethod.java:17)\n\tat org.junit.internal.runners.statements.RunBefores.evaluate(RunBefores.java:26)\n\tat org.junit.contrib.java.lang.system.ExpectedSystemExit$1.evaluate(ExpectedSystemExit.java:130)\n\tat org.junit.rules.ExternalResource$1.evaluate(ExternalResource.java:54)\n\tat org.junit.rules.ExpectedException$ExpectedExceptionStatement.evaluate(ExpectedException.java:258)\n\tat org.junit.runners.ParentRunner$3.evaluate(ParentRunner.java:306)\n\tat org.junit.runners.BlockJUnit4ClassRunner$1.evaluate(BlockJUnit4ClassRunner.java:100)\n\tat org.junit.runners.ParentRunner.runLeaf(ParentRunner.java:366)\n\tat org.junit.runners.BlockJUnit4ClassRunner.runChild(BlockJUnit4ClassRunner.java:103)\n\tat org.junit.runners.BlockJUnit4ClassRunner.runChild(BlockJUnit4ClassRunner.java:63)\n\tat org.junit.runners.ParentRunner$4.run(ParentRunner.java:331)\n\tat org.junit.runners.ParentRunner$1.schedule(ParentRunner.java:79)\n\tat org.junit.runners.ParentRunner.runChildren(ParentRunner.java:329)\n\tat org.junit.runners.ParentRunner.access$100(ParentRunner.java:66)\n\tat org.junit.runners.ParentRunner$2.evaluate(ParentRunner.java:293)\n\tat org.junit.runners.ParentRunner$3.evaluate(ParentRunner.java:306)\n\tat org.junit.runners.ParentRunner.run(ParentRunner.java:413)\n\tat org.apache.maven.surefire.junit4.JUnit4Provider.execute(JUnit4Provider.java:365)\n\tat org.apache.maven.surefire.junit4.JUnit4Provider.executeWithRerun(JUnit4Provider.java:273)\n\tat org.apache.maven.surefire.junit4.JUnit4Provider.executeTestSet(JUnit4Provider.java:238)\n\tat org.apache.maven.surefire.junit4.JUnit4Provider.invoke(JUnit4Provider.java:159)\n\tat org.apache.maven.surefire.booter.ForkedBooter.invokeProviderInSameClassLoader(ForkedBooter.java:384)\n\tat org.apache.maven.surefire.booter.ForkedBooter.runSuitesInProcess(ForkedBooter.java:345)\n\tat org.apache.maven.surefire.booter.ForkedBooter.execute(ForkedBooter.java:126)\n\tat org.apache.maven.surefire.booter.ForkedBooter.main(ForkedBooter.java:418)\nCaused by: org.kohsuke.args4j.CmdLineException: src/test/resources/yo/dbunitcli/application/generate/table/template.xls is not exist file\n\tat yo.dbunitcli.application.GenerateOption$GenerateType.populateSettings(GenerateOption.java:279)\n\tat yo.dbunitcli.application.GenerateOption.setUpComponent(GenerateOption.java:99)\n\tat yo.dbunitcli.application.argument.ArgumentsParser.parseArgument(ArgumentsParser.java:27)\n\tat yo.dbunitcli.application.CommandLineOption.parse(CommandLineOption.java:46)\n\tat yo.dbunitcli.application.Command.parseOption(Command.java:23)\n\t... 35 more\nCaused by: java.lang.IllegalArgumentException: src/test/resources/yo/dbunitcli/application/generate/table/template.xls\n\t... 40 more\n",
  "flaky" : false,
  "beforeStages" : [ ],
  "afterStages" : [ ],
  "labels" : [ {
    "name" : "package",
    "value" : "yo.dbunitcli.application"
  }, {
    "name" : "testClass",
    "value" : "yo.dbunitcli.application.GenerateTest"
  }, {
    "name" : "testMethod",
    "value" : "testGenerateXls"
  }, {
    "name" : "suite",
    "value" : "yo.dbunitcli.application.GenerateTest"
  }, {
    "name" : "host",
    "value" : "fv-az105-614"
  }, {
    "name" : "thread",
    "value" : "2073@fv-az105-614.main(1)"
  }, {
    "name" : "framework",
    "value" : "junit4"
  }, {
    "name" : "language",
    "value" : "java"
  }, {
    "name" : "resultFormat",
    "value" : "allure2"
  } ],
  "parameters" : [ ],
  "links" : [ ],
  "hidden" : false,
  "retry" : false,
  "extra" : {
    "severity" : "normal",
    "retries" : [ ],
    "categories" : [ {
      "name" : "Product defects",
      "matchedStatuses" : [ ],
      "flaky" : false
    } ],
    "tags" : [ ]
  },
  "source" : "92c82b7a034e3ac5.json",
  "parameterValues" : [ ]
}